  소스.cpp
C:\Github\Computer_Graphics\cg_1\cg_1-8\cg_1-8\소스.cpp(25,49): warning C4305: '인수': 'double'에서 '_Ty'(으)로 잘립니다.
          with
          [
              _Ty=float
          ]
C:\Github\Computer_Graphics\cg_1\cg_1-8\cg_1-8\소스.cpp(54,1): warning C4305: '초기화 중': 'double'에서 'GLfloat'(으)로 잘립니다.
C:\Github\Computer_Graphics\cg_1\cg_1-8\cg_1-8\소스.cpp(115,39): warning C4244: '=': 'double'에서 'GLfloat'(으)로 변환하면서 데이터가 손실될 수 있습니다.
C:\Github\Computer_Graphics\cg_1\cg_1-8\cg_1-8\소스.cpp(116,39): warning C4244: '=': 'double'에서 'GLfloat'(으)로 변환하면서 데이터가 손실될 수 있습니다.
C:\Github\Computer_Graphics\cg_1\cg_1-8\cg_1-8\소스.cpp(118,39): warning C4244: '=': 'double'에서 'GLfloat'(으)로 변환하면서 데이터가 손실될 수 있습니다.
C:\Github\Computer_Graphics\cg_1\cg_1-8\cg_1-8\소스.cpp(119,39): warning C4244: '=': 'double'에서 'GLfloat'(으)로 변환하면서 데이터가 손실될 수 있습니다.
C:\Github\Computer_Graphics\cg_1\cg_1-8\cg_1-8\소스.cpp(121,39): warning C4244: '=': 'double'에서 'GLfloat'(으)로 변환하면서 데이터가 손실될 수 있습니다.
C:\Github\Computer_Graphics\cg_1\cg_1-8\cg_1-8\소스.cpp(122,39): warning C4244: '=': 'double'에서 'GLfloat'(으)로 변환하면서 데이터가 손실될 수 있습니다.
C:\Github\Computer_Graphics\cg_1\cg_1-8\cg_1-8\소스.cpp(207,34): warning C4305: '인수': 'double'에서 'GLclampf'(으)로 잘립니다.
C:\Github\Computer_Graphics\cg_1\cg_1-8\cg_1-8\소스.cpp(260,17): warning C4553: '==': 식의 결과가 사용되지 않습니다. '='을(를) 의도했습니까?
C:\Github\Computer_Graphics\cg_1\cg_1-8\cg_1-8\소스.cpp(266,17): warning C4553: '==': 식의 결과가 사용되지 않습니다. '='을(를) 의도했습니까?
C:\Github\Computer_Graphics\cg_1\cg_1-8\cg_1-8\소스.cpp(272,17): warning C4553: '==': 식의 결과가 사용되지 않습니다. '='을(를) 의도했습니까?
C:\Github\Computer_Graphics\cg_1\cg_1-8\cg_1-8\소스.cpp(278,17): warning C4553: '==': 식의 결과가 사용되지 않습니다. '='을(를) 의도했습니까?
C:\Github\Computer_Graphics\cg_1\cg_1-8\cg_1-8\소스.cpp(321,33): warning C4305: '초기화 중': 'double'에서 'float'(으)로 잘립니다.
C:\Github\Computer_Graphics\cg_1\cg_1-8\cg_1-8\소스.cpp(377,1): warning C4326: 'main'의 반환 형식이 'int'이어야 하는데 'void'입니다.
  cg_1-8.vcxproj -> C:\Github\Computer_Graphics\cg_1\cg_1-8\Debug\cg_1-8.exe
